   0    0
   1    1
   2    1
   3    2
   4    3
   5    3
   6    4
   7    5
   8    6
   9    6
  10    7
  11    8
  12    8
  13    9
  14   10
  15   10
  16   11
  17   12
  18   13
  19   13
  20   14
  21   15
  22   15
  23   16
  24   17
  25   17
  26   18
  27   19
  28   20
  29   20
  30   21
  31   22
  32   22
  33   23
  34   24
  35   24
  36   25
  37   26
  38   27
  39   27
  40   28
  41   29
  42   29
  43   30
  44   31
  45   31
  46   32
  47   33
  48   34
  49   34
  50   35
  51   36
  52   36
  53   37
  54   38
  55   38
  56   39
  57   40
  58   41
  59   41
  60   42
  61   43
  62   43
  63   44
  64   45
  65   45
  66   46
  67   47
  68   48
  69   48
  70   49
  71   50
  72   50
  73   51
  74   52
  75   52
  76   53
  77   54
  78   55
  79   55
  80   56
  81   57
  82   57
  83   58
  84   59
  85   59
  86   60
  87   61
  88   62
  89   62
  90   63
  91   64
  92   64
  93   65
  94   66
  95   66
  96   67
  97   68
  98   69
  99   69
 100   70
 101   71
 102   71
 103   72
 104   73
 105   73
 106   74
 107   75
 108   76
 109   76
 110   77
 111   78
 112   78
 113   79
 114   80
 115   80
 116   81
 117   82
 118   83
 119   83
 120   84
 121   85
 122   85
 123   86
 124   87
 125   87
 126   88
 127   89
 128   90
 129   90
 130   91
 131   92
 132   92
 133   93
 134   94
 135   94
 136   95
 137   96
 138   97
 139   97
 140   98
 141   99
 142   99
 143  100
 144  101
 145  101
 146  102
 147  103
 148  104
 149  104
 150  105
 151  106
 152  106
 153  107
 154  108
 155  108
 156  109
 157  110
 158  111
 159  111
 160  112
 161  113
 162  113
 163  114
 164  115
 165  115
 166  116
 167  117
 168  118
 169  118
 170  119
 171  120
 172  120
 173  121
 174  122
 175  122
 176  123
 177  124
 178  125
 179  125
 180  126
 181  127
 182  127
 183  128
 184  129
 185  129
 186  130
 187  131
 188  132
 189  132
 190  133
 191  134
 192  134
 193  135
 194  136
 195  136
 196  137
 197  138
 198  139
 199  139
 200  140
 201  141
 202  141
 203  142
 204  143
 205  143
 206  144
 207  145
 208  146
 209  146
 210  147
 211  148
 212  148
 213  149
 214  150
 215  150
 216  151
 217  152
 218  153
 219  153
 220  154
 221  155
 222  155
 223  156
 224  157
 225  157
 226  158
 227  159
 228  160
 229  160
 230  161
 231  162
 232  162
 233  163
 234  164
 235  164
 236  165
 237  166
 238  167
 239  167
 240  168
 241  169
 242  169
 243  170
 244  171
 245  171
 246  172
 247  173
 248  174
 249  174
 250  175
 251  176
 252  176
 253  177
 254  178
 255  178
 256  179
 257  180
 258  181
 259  181
 260  182
 261  183
 262  183
 263  184
 264  185
 265  185
 266  186
 267  187
 268  188
 269  188
 270  189
 271  190
 272  190
 273  191
 274  192
 275  192
 276  193
 277  194
 278  195
 279  195
 280  196
 281  197
 282  197
 283  198
 284  199
 285  199
 286  200
 287  201
 288  202
 289  202
 290  203
 291  204
 292  204
 293  205
 294  206
 295  206
 296  207
 297  208
 298  209
 299  209
 300  210
 301  211
 302  211
 303  212
 304  213
 305  213
 306  214
 307  215
 308  216
 309  216
 310  217
 311  218
 312  218
 313  219
 314  220
 315  220
 316  221
 317  222
 318  223
 319  223
 320  224
 321  225
 322  225
 323  226
 324  227
 325  227
 326  228
 327  229
 328  230
 329  230
 330  231
 331  232
 332  232
 333  233
 334  234
 335  234
 336  235
 337  236
 338  237
 339  237
 340  238
 341  239
 342  239
 343  240
 344  241
 345  241
 346  242
 347  243
 348  244
 349  244
 350  245
 351  246
 352  246
 353  247
 354  248
 355  248
 356  249
 357  250
 358  251
 359  251
 360  252
 361  253
 362  253
 363  254
 364  255
 365  255
 366  256
 367  257
 368  258
 369  258
 370  259
 371  260
 372  260
 373  261
 374  262
 375  262
 376  263
 377  264
 378  265
 379  265
 380  266
 381  267
 382  267
 383  268
 384  269
 385  269
 386  270
 387  271
 388  272
 389  272
 390  273
 391  274
 392  274
 393  275
 394  276
 395  276
 396  277
 397  278
 398  279
 399  279
 400  280
 401  281
 402  281
 403  282
 404  283
 405  283
 406  284
 407  285
 408  286
 409  286
 410  287
 411  288
 412  288
 413  289
 414  290
 415  290
 416  291
 417  292
 418  293
 419  293
 420  294
 421  295
 422  295
 423  296
 424  297
 425  297
 426  298
 427  299
 428  300
 429  300
 430  301
 431  302
 432  302
 433  303
 434  304
 435  304
 436  305
 437  306
 438  307
 439  307
 440  308
 441  309
 442  309
 443  310
 444  311
 445  311
 446  312
 447  313
 448  314
 449  314
 450  315
 451  316
 452  316
 453  317
 454  318
 455  318
 456  319
 457  320
 458  321
 459  321
 460  322
 461  323
 462  323
 463  324
 464  325
 465  325
 466  326
 467  327
 468  328
 469  328
 470  329
 471  330
 472  330
 473  331
 474  332
 475  332
 476  333
 477  334
 478  335
 479  335
 480  336
 481  337
 482  337
 483  338
 484  339
 485  339
 486  340
 487  341
 488  342
 489  342
 490  343
 491  344
 492  344
 493  345
 494  346
 495  346
 496  347
 497  348
 498  349
 499  349
 500  350
 501  351
 502  351
 503  352
 504  353
 505  353
 506  354
 507  355
 508  356
 509  356
 510  357
 511  358
 512  358
 513  359
 514  360
 515  360
 516  361
 517  362
 518  363
 519  363
 520  364
 521  365
 522  365
 523  366
 524  367
 525  367
 526  368
 527  369
 528  370
 529  370
 530  371
 531  372
 532  372
 533  373
 534  374
 535  374
 536  375
 537  376
 538  377
 539  377
 540  378
 541  379
 542  379
 543  380
 544  381
 545  381
 546  382
 547  383
 548  384
 549  384
 550  385
 551  386
 552  386
 553  387
 554  388
 555  388
 556  389
 557  390
 558  391
 559  391
 560  392
 561  393
 562  393
 563  394
 564  395
 565  395
 566  396
 567  397
 568  398
 569  398
 570  399
 571  400
 572  400
 573  401
 574  402
 575  402
 576  403
 577  404
 578  405
 579  405
 580  406
 581  407
 582  407
 583  408
 584  409
 585  409
 586  410
 587  411
 588  412
 589  412
 590  413
 591  414
 592  414
 593  415
 594  416
 595  416
 596  417
 597  418
 598  419
 599  419
 600  420
 601  421
 602  421
 603  422
 604  423
 605  423
 606  424
 607  425
 608  426
 609  426
 610  427
 611  428
 612  428
 613  429
 614  430
 615  430
 616  431
 617  432
 618  433
 619  433
 620  434
 621  435
 622  435
 623  436
 624  437
 625  437
 626  438
 627  439
 628  440
 629  440
 630  441
 631  442
 632  442
 633  443
 634  444
 635  444
 636  445
 637  446
 638  447
 639  447
 640  448
 641  449
 642  449
 643  450
 644  451
 645  451
 646  452
 647  453
 648  454
 649  454
 650  455
 651  456
 652  456
 653  457
 654  458
 655  458
 656  459
 657  460
 658  461
 659  461
 660  462
 661  463
 662  463
 663  464
 664  465
 665  465
 666  466
 667  467
 668  468
 669  468
 670  469
 671  470
 672  470
 673  471
 674  472
 675  472
 676  473
 677  474
 678  475
 679  475
 680  476
 681  477
 682  477
 683  478
 684  479
 685  479
 686  480
 687  481
 688  482
 689  482
 690  483
 691  484
 692  484
 693  485
 694  486
 695  486
 696  487
 697  488
 698  489
 699  489
 700  490
 701  491
 702  491
 703  492
 704  493
 705  493
 706  494
 707  495
 708  496
 709  496
 710  497
 711  498
 712  498
 713  499
 714  500
 715  500
 716  501
 717  502
 718  503
 719  503
 720  504
 721  505
 722  505
 723  506
 724  507
 725  507
 726  508
 727  509
 728  510
 729  510
 730  511
 731  512
 732  512
 733  513
 734  514
 735  514
 736  515
 737  516
 738  517
 739  517
 740  518
 741  519
 742  519
 743  520
 744  521
 745  521
 746  522
 747  523
 748  524
 749  524
 750  525
 751  526
 752  526
 753  527
 754  528
 755  528
 756  529
 757  530
 758  531
 759  531
 760  532
 761  533
 762  533
 763  534
 764  535
 765  535
 766  536
 767  537
 768  538
 769  538
 770  539
 771  540
 772  540
 773  541
 774  542
 775  542
 776  543
 777  544
 778  545
 779  545
 780  546
 781  547
 782  547
 783  548
 784  549
 785  549
 786  550
 787  551
 788  552
 789  552
 790  553
 791  554
 792  554
 793  555
 794  556
 795  556
 796  557
 797  558
 798  559
 799  559
 800  560
 801  561
 802  561
 803  562
 804  563
 805  563
 806  564
 807  565
 808  566
 809  566
 810  567
 811  568
 812  568
 813  569
 814  570
 815  570
 816  571
 817  572
 818  573
 819  573
 820  574
 821  575
 822  575
 823  576
 824  577
 825  577
 826  578
 827  579
 828  580
 829  580
 830  581
 831  582
 832  582
 833  583
 834  584
 835  584
 836  585
 837  586
 838  587
 839  587
 840  588
 841  589
 842  589
 843  590
 844  591
 845  591
 846  592
 847  593
 848  594
 849  594
 850  595
 851  596
 852  596
 853  597
 854  598
 855  598
 856  599
 857  600
 858  601
 859  601
 860  602
 861  603
 862  603
 863  604
 864  605
 865  605
 866  606
 867  607
 868  608
 869  608
 870  609
 871  610
 872  610
 873  611
 874  612
 875  612
 876  613
 877  614
 878  615
 879  615
 880  616
 881  617
 882  617
 883  618
 884  619
 885  619
 886  620
 887  621
 888  622
 889  622
 890  623
 891  624
 892  624
 893  625
 894  626
 895  626
 896  627
 897  628
 898  629
 899  629
 900  630
 901  631
 902  631
 903  632
 904  633
 905  633
 906  634
 907  635
 908  636
 909  636
 910  637
 911  638
 912  638
 913  639
 914  640
 915  640
 916  641
 917  642
 918  643
 919  643
 920  644
 921  645
 922  645
 923  646
 924  647
 925  647
 926  648
 927  649
 928  650
 929  650
 930  651
 931  652
 932  652
 933  653
 934  654
 935  654
 936  655
 937  656
 938  657
 939  657
 940  658
 941  659
 942  659
 943  660
 944  661
 945  661
 946  662
 947  663
 948  664
 949  664
 950  665
 951  666
 952  666
 953  667
 954  668
 955  668
 956  669
 957  670
 958  671
 959  671
 960  672
 961  673
 962  673
 963  674
 964  675
 965  675
 966  676
 967  677
 968  678
 969  678
 970  679
 971  680
 972  680
 973  681
 974  682
 975  682
 976  683
 977  684
 978  685
 979  685
 980  686
 981  687
 982  687
 983  688
 984  689
 985  689
 986  690
 987  691
 988  692
 989  692
 990  693
 991  694
 992  694
 993  695
 994  696
 995  696
 996  697
 997  698
 998  699
 999  699
1000  700
