   0    0
   1    1
   1    2
   2    3
   2    4
   3    5
   4    6
   4    7
   5    8
   6    9
   6   10
   7   11
   7   12
   8   13
   9   14
   9   15
  10   16
  10   17
  11   18
  12   19
  12   20
  13   21
  13   22
  14   23
  15   24
  15   25
  16   26
  17   27
  17   28
  18   29
  18   30
  19   31
  20   32
  20   33
  21   34
  21   35
  22   36
  23   37
  23   38
  24   39
  25   40
  25   41
  26   42
  26   43
  27   44
  28   45
  28   46
  29   47
  29   48
  30   49
  31   50
  31   51
  32   52
  33   53
  33   54
  34   55
  34   56
  35   57
  36   58
  36   59
  37   60
  37   61
  38   62
  39   63
  39   64
  40   65
  40   66
  41   67
  42   68
  42   69
  43   70
  44   71
  44   72
  45   73
  45   74
  46   75
  47   76
  47   77
  48   78
  48   79
  49   80
  50   81
  50   82
  51   83
  52   84
  52   85
  53   86
  53   87
  54   88
  55   89
  55   90
  56   91
  56   92
  57   93
  58   94
  58   95
  59   96
  60   97
  60   98
  61   99
  61  100
  62  101
  63  102
  63  103
  64  104
  64  105
  65  106
  66  107
  66  108
  67  109
  67  110
  68  111
  69  112
  69  113
  70  114
  71  115
  71  116
  72  117
  72  118
  73  119
  74  120
  74  121
  75  122
  75  123
  76  124
  77  125
  77  126
  78  127
  79  128
  79  129
  80  130
  80  131
  81  132
  82  133
  82  134
  83  135
  83  136
  84  137
  85  138
  85  139
  86  140
  87  141
  87  142
  88  143
  88  144
  89  145
  90  146
  90  147
  91  148
  91  149
  92  150
  93  151
  93  152
  94  153
  94  154
  95  155
  96  156
  96  157
  97  158
  98  159
  98  160
  99  161
  99  162
 100  163
 101  164
 101  165
 102  166
 102  167
 103  168
 104  169
 104  170
 105  171
 106  172
 106  173
 107  174
 107  175
 108  176
 109  177
 109  178
 110  179
 110  180
 111  181
 112  182
 112  183
 113  184
 113  185
 114  186
 115  187
 115  188
 116  189
 117  190
 117  191
 118  192
 118  193
 119  194
 120  195
 120  196
 121  197
 121  198
 122  199
 123  200
 123  201
 124  202
 125  203
 125  204
 126  205
 126  206
 127  207
 128  208
 128  209
 129  210
 129  211
 130  212
 131  213
 131  214
 132  215
 133  216
 133  217
 134  218
 134  219
 135  220
 136  221
 136  222
 137  223
 137  224
 138  225
 139  226
 139  227
 140  228
 140  229
 141  230
 142  231
 142  232
 143  233
 144  234
 144  235
 145  236
 145  237
 146  238
 147  239
 147  240
 148  241
 148  242
 149  243
 150  244
 150  245
 151  246
 152  247
 152  248
 153  249
 153  250
 154  251
 155  252
 155  253
 156  254
 156  255
 157  256
 158  257
 158  258
 159  259
 160  260
 160  261
 161  262
 161  263
 162  264
 163  265
 163  266
 164  267
 164  268
 165  269
 166  270
 166  271
 167  272
 167  273
 168  274
 169  275
 169  276
 170  277
 171  278
 171  279
 172  280
 172  281
 173  282
 174  283
 174  284
 175  285
 175  286
 176  287
 177  288
 177  289
 178  290
 179  291
 179  292
 180  293
 180  294
 181  295
 182  296
 182  297
 183  298
 183  299
 184  300
 185  301
 185  302
 186  303
 187  304
 187  305
 188  306
 188  307
 189  308
 190  309
 190  310
 191  311
 191  312
 192  313
 193  314
 193  315
 194  316
 194  317
 195  318
 196  319
 196  320
 197  321
 198  322
 198  323
 199  324
 199  325
 200  326
 201  327
 201  328
 202  329
 202  330
 203  331
 204  332
 204  333
 205  334
 206  335
 206  336
 207  337
 207  338
 208  339
 209  340
 209  341
 210  342
 210  343
 211  344
 212  345
 212  346
 213  347
 213  348
 214  349
 215  350
 215  351
 216  352
 217  353
 217  354
 218  355
 218  356
 219  357
 220  358
 220  359
 221  360
 221  361
 222  362
 223  363
 223  364
 224  365
 225  366
 225  367
 226  368
 226  369
 227  370
 228  371
 228  372
 229  373
 229  374
 230  375
 231  376
 231  377
 232  378
 233  379
 233  380
 234  381
 234  382
 235  383
 236  384
 236  385
 237  386
 237  387
 238  388
 239  389
 239  390
 240  391
 240  392
 241  393
 242  394
 242  395
 243  396
 244  397
 244  398
 245  399
 245  400
 246  401
 247  402
 247  403
 248  404
 248  405
 249  406
 250  407
 250  408
 251  409
 252  410
 252  411
 253  412
 253  413
 254  414
 255  415
 255  416
 256  417
 256  418
 257  419
 258  420
 258  421
 259  422
 260  423
 260  424
 261  425
 261  426
 262  427
 263  428
 263  429
 264  430
 264  431
 265  432
 266  433
 266  434
 267  435
 267  436
 268  437
 269  438
 269  439
 270  440
 271  441
 271  442
 272  443
 272  444
 273  445
 274  446
 274  447
 275  448
 275  449
 276  450
 277  451
 277  452
 278  453
 279  454
 279  455
 280  456
 280  457
 281  458
 282  459
 282  460
 283  461
 283  462
 284  463
 285  464
 285  465
 286  466
 287  467
 287  468
 288  469
 288  470
 289  471
 290  472
 290  473
 291  474
 291  475
 292  476
 293  477
 293  478
 294  479
 294  480
 295  481
 296  482
 296  483
 297  484
 298  485
 298  486
 299  487
 299  488
 300  489
 301  490
 301  491
 302  492
 302  493
 303  494
 304  495
 304  496
 305  497
 306  498
 306  499
 307  500
 307  501
 308  502
 309  503
 309  504
 310  505
 310  506
 311  507
 312  508
 312  509
 313  510
 313  511
 314  512
 315  513
 315  514
 316  515
 317  516
 317  517
 318  518
 318  519
 319  520
 320  521
 320  522
 321  523
 321  524
 322  525
 323  526
 323  527
 324  528
 325  529
 325  530
 326  531
 326  532
 327  533
 328  534
 328  535
 329  536
 329  537
 330  538
 331  539
 331  540
 332  541
 333  542
 333  543
 334  544
 334  545
 335  546
 336  547
 336  548
 337  549
 337  550
 338  551
 339  552
 339  553
 340  554
 340  555
 341  556
 342  557
 342  558
 343  559
 344  560
 344  561
 345  562
 345  563
 346  564
 347  565
 347  566
 348  567
 348  568
 349  569
 350  570
 350  571
 351  572
 352  573
 352  574
 353  575
 353  576
 354  577
 355  578
 355  579
 356  580
 356  581
 357  582
 358  583
 358  584
 359  585
 360  586
 360  587
 361  588
 361  589
 362  590
 363  591
 363  592
 364  593
 364  594
 365  595
 366  596
 366  597
 367  598
 367  599
 368  600
 369  601
 369  602
 370  603
 371  604
 371  605
 372  606
 372  607
 373  608
 374  609
 374  610
 375  611
 375  612
 376  613
 377  614
 377  615
 378  616
 379  617
 379  618
 380  619
 380  620
 381  621
 382  622
 382  623
 383  624
 383  625
 384  626
 385  627
 385  628
 386  629
 387  630
 387  631
 388  632
 388  633
 389  634
 390  635
 390  636
 391  637
 391  638
 392  639
 393  640
 393  641
 394  642
 394  643
 395  644
 396  645
 396  646
 397  647
 398  648
 398  649
 399  650
 399  651
 400  652
