   0    0
   1    1
   2    1
   3    2
   4    3
   5    4
   6    4
   7    5
   8    6
   9    7
  10    7
  11    8
  12    9
  13   10
  14   10
  15   11
  16   12
  17   13
  18   13
  19   14
  20   15
  21   16
  22   16
  23   17
  24   18
  25   19
  26   19
  27   20
  28   21
  29   22
  30   22
  31   23
  32   24
  33   25
  34   25
  35   26
  36   27
  37   28
  38   28
  39   29
  40   30
  41   31
  42   31
  43   32
  44   33
  45   34
  46   34
  47   35
  48   36
  49   37
  50   37
  51   38
  52   39
  53   40
  54   40
  55   41
  56   42
  57   43
  58   43
  59   44
  60   45
  61   46
  62   46
  63   47
  64   48
  65   49
  66   49
  67   50
  68   51
  69   52
  70   52
  71   53
  72   54
  73   55
  74   55
  75   56
  76   57
  77   58
  78   58
  79   59
  80   60
  81   61
  82   61
  83   62
  84   63
  85   64
  86   64
  87   65
  88   66
  89   67
  90   67
  91   68
  92   69
  93   70
  94   70
  95   71
  96   72
  97   73
  98   73
  99   74
 100   75
 101   76
 102   76
 103   77
 104   78
 105   79
 106   79
 107   80
 108   81
 109   82
 110   82
 111   83
 112   84
 113   85
 114   85
 115   86
 116   87
 117   88
 118   88
 119   89
 120   90
 121   91
 122   91
 123   92
 124   93
 125   94
 126   94
 127   95
 128   96
 129   97
 130   97
 131   98
 132   99
 133  100
 134  100
 135  101
 136  102
 137  103
 138  103
 139  104
 140  105
 141  106
 142  106
 143  107
 144  108
 145  109
 146  109
 147  110
 148  111
 149  112
 150  112
 151  113
 152  114
 153  115
 154  115
 155  116
 156  117
 157  118
 158  118
 159  119
 160  120
 161  121
 162  121
 163  122
 164  123
 165  124
 166  124
 167  125
 168  126
 169  127
 170  127
 171  128
 172  129
 173  130
 174  130
 175  131
 176  132
 177  133
 178  133
 179  134
 180  135
 181  136
 182  136
 183  137
 184  138
 185  139
 186  139
 187  140
 188  141
 189  142
 190  142
 191  143
 192  144
 193  145
 194  145
 195  146
 196  147
 197  148
 198  148
 199  149
 200  150
 201  151
 202  151
 203  152
 204  153
 205  154
 206  154
 207  155
 208  156
 209  157
 210  157
 211  158
 212  159
 213  160
 214  160
 215  161
 216  162
 217  163
 218  163
 219  164
 220  165
 221  166
 222  166
 223  167
 224  168
 225  169
 226  169
 227  170
 228  171
 229  172
 230  172
 231  173
 232  174
 233  175
 234  175
 235  176
 236  177
 237  178
 238  178
 239  179
 240  180
 241  181
 242  181
 243  182
 244  183
 245  184
 246  184
 247  185
 248  186
 249  187
 250  187
 251  188
 252  189
 253  190
 254  190
 255  191
 256  192
 257  193
 258  193
 259  194
 260  195
 261  196
 262  196
 263  197
 264  198
 265  199
 266  199
 267  200
 268  201
 269  202
 270  202
 271  203
 272  204
 273  205
 274  205
 275  206
 276  207
 277  208
 278  208
 279  209
 280  210
 281  211
 282  211
 283  212
 284  213
 285  214
 286  214
 287  215
 288  216
 289  217
 290  217
 291  218
 292  219
 293  220
 294  220
 295  221
 296  222
 297  223
 298  223
 299  224
 300  225
 301  226
 302  226
 303  227
 304  228
 305  229
 306  229
 307  230
 308  231
 309  232
 310  232
 311  233
 312  234
 313  235
 314  235
 315  236
 316  237
 317  238
 318  238
 319  239
 320  240
 321  241
 322  241
 323  242
 324  243
 325  244
 326  244
 327  245
 328  246
 329  247
 330  247
 331  248
 332  249
 333  250
 334  250
 335  251
 336  252
 337  253
 338  253
 339  254
 340  255
 341  256
 342  256
 343  257
 344  258
 345  259
 346  259
 347  260
 348  261
 349  262
 350  262
 351  263
 352  264
 353  265
 354  265
 355  266
 356  267
 357  268
 358  268
 359  269
 360  270
 361  271
 362  271
 363  272
 364  273
 365  274
 366  274
 367  275
 368  276
 369  277
 370  277
 371  278
 372  279
 373  280
 374  280
 375  281
 376  282
 377  283
 378  283
 379  284
 380  285
 381  286
 382  286
 383  287
 384  288
 385  289
 386  289
 387  290
 388  291
 389  292
 390  292
 391  293
 392  294
 393  295
 394  295
 395  296
 396  297
 397  298
 398  298
 399  299
 400  300
 401  301
 402  301
 403  302
 404  303
 405  304
 406  304
 407  305
 408  306
 409  307
 410  307
 411  308
 412  309
 413  310
 414  310
 415  311
 416  312
 417  313
 418  313
 419  314
 420  315
 421  316
 422  316
 423  317
 424  318
 425  319
 426  319
 427  320
 428  321
 429  322
 430  322
 431  323
 432  324
 433  325
 434  325
 435  326
 436  327
 437  328
 438  328
 439  329
 440  330
 441  331
 442  331
 443  332
 444  333
 445  334
 446  334
 447  335
 448  336
 449  337
 450  337
 451  338
 452  339
 453  340
 454  340
 455  341
 456  342
 457  343
 458  343
 459  344
 460  345
 461  346
 462  346
 463  347
 464  348
 465  349
 466  349
 467  350
 468  351
 469  352
 470  352
 471  353
 472  354
 473  355
 474  355
 475  356
 476  357
 477  358
 478  358
 479  359
 480  360
 481  361
 482  361
 483  362
 484  363
 485  364
 486  364
 487  365
 488  366
 489  367
 490  367
 491  368
 492  369
 493  370
 494  370
 495  371
 496  372
 497  373
 498  373
 499  374
 500  375
 501  376
 502  376
 503  377
 504  378
 505  379
 506  379
 507  380
 508  381
 509  382
 510  382
 511  383
 512  384
 513  385
 514  385
 515  386
 516  387
 517  388
 518  388
 519  389
 520  390
 521  391
 522  391
 523  392
 524  393
 525  394
 526  394
 527  395
 528  396
 529  397
 530  397
 531  398
 532  399
 533  400
 534  400
 535  401
 536  402
 537  403
 538  403
 539  404
 540  405
 541  406
 542  406
 543  407
 544  408
 545  409
 546  409
 547  410
 548  411
 549  412
 550  412
 551  413
 552  414
 553  415
 554  415
 555  416
 556  417
 557  418
 558  418
 559  419
 560  420
 561  421
 562  421
 563  422
 564  423
 565  424
 566  424
 567  425
 568  426
 569  427
 570  427
 571  428
 572  429
 573  430
 574  430
 575  431
 576  432
 577  433
 578  433
 579  434
 580  435
 581  436
 582  436
 583  437
 584  438
 585  439
 586  439
 587  440
 588  441
 589  442
 590  442
 591  443
 592  444
 593  445
 594  445
 595  446
 596  447
 597  448
 598  448
 599  449
 600  450
 601  451
 602  451
 603  452
 604  453
 605  454
 606  454
 607  455
 608  456
 609  457
 610  457
 611  458
 612  459
 613  460
 614  460
 615  461
 616  462
 617  463
 618  463
 619  464
 620  465
 621  466
 622  466
 623  467
 624  468
 625  469
 626  469
 627  470
 628  471
 629  472
 630  472
 631  473
 632  474
 633  475
 634  475
 635  476
 636  477
 637  478
 638  478
 639  479
 640  480
 641  481
 642  481
 643  482
 644  483
 645  484
 646  484
 647  485
 648  486
 649  487
 650  487
 651  488
 652  489
 653  490
 654  490
 655  491
 656  492
 657  493
 658  493
 659  494
 660  495
 661  496
 662  496
 663  497
 664  498
 665  499
 666  499
 667  500
 668  501
 669  502
 670  502
 671  503
 672  504
 673  505
 674  505
 675  506
 676  507
 677  508
 678  508
 679  509
 680  510
 681  511
 682  511
 683  512
 684  513
 685  514
 686  514
 687  515
 688  516
 689  517
 690  517
 691  518
 692  519
 693  520
 694  520
 695  521
 696  522
 697  523
 698  523
 699  524
 700  525
 701  526
 702  526
 703  527
 704  528
 705  529
 706  529
 707  530
 708  531
 709  532
 710  532
 711  533
 712  534
 713  535
 714  535
 715  536
 716  537
 717  538
 718  538
 719  539
 720  540
 721  541
 722  541
 723  542
 724  543
 725  544
 726  544
 727  545
 728  546
 729  547
 730  547
 731  548
 732  549
 733  550
 734  550
 735  551
 736  552
 737  553
 738  553
 739  554
 740  555
 741  556
 742  556
 743  557
 744  558
 745  559
 746  559
 747  560
 748  561
 749  562
 750  562
 751  563
 752  564
 753  565
 754  565
 755  566
 756  567
 757  568
 758  568
 759  569
 760  570
 761  571
 762  571
 763  572
 764  573
 765  574
 766  574
 767  575
 768  576
 769  577
 770  577
 771  578
 772  579
 773  580
 774  580
 775  581
 776  582
 777  583
 778  583
 779  584
 780  585
 781  586
 782  586
 783  587
 784  588
 785  589
 786  589
 787  590
 788  591
 789  592
 790  592
 791  593
 792  594
 793  595
 794  595
 795  596
 796  597
 797  598
 798  598
 799  599
 800  600
 801  601
 802  601
 803  602
 804  603
 805  604
 806  604
 807  605
 808  606
 809  607
 810  607
 811  608
 812  609
 813  610
 814  610
 815  611
 816  612
 817  613
 818  613
 819  614
 820  615
 821  616
 822  616
 823  617
 824  618
 825  619
 826  619
 827  620
 828  621
 829  622
 830  622
 831  623
 832  624
 833  625
 834  625
 835  626
 836  627
 837  628
 838  628
 839  629
 840  630
 841  631
 842  631
 843  632
 844  633
 845  634
 846  634
 847  635
 848  636
 849  637
 850  637
 851  638
 852  639
 853  640
 854  640
 855  641
 856  642
 857  643
 858  643
 859  644
 860  645
 861  646
 862  646
 863  647
 864  648
 865  649
 866  649
 867  650
 868  651
 869  652
 870  652
 871  653
 872  654
 873  655
 874  655
 875  656
 876  657
 877  658
 878  658
 879  659
 880  660
 881  661
 882  661
 883  662
 884  663
 885  664
 886  664
 887  665
 888  666
 889  667
 890  667
 891  668
 892  669
 893  670
 894  670
 895  671
 896  672
 897  673
 898  673
 899  674
 900  675
 901  676
 902  676
 903  677
 904  678
 905  679
 906  679
 907  680
 908  681
 909  682
 910  682
 911  683
 912  684
 913  685
 914  685
 915  686
 916  687
 917  688
 918  688
 919  689
 920  690
 921  691
 922  691
 923  692
 924  693
 925  694
 926  694
 927  695
 928  696
 929  697
 930  697
 931  698
 932  699
 933  700
 934  700
 935  701
 936  702
 937  703
 938  703
 939  704
 940  705
 941  706
 942  706
 943  707
 944  708
 945  709
 946  709
 947  710
 948  711
 949  712
 950  712
 951  713
 952  714
 953  715
 954  715
 955  716
 956  717
 957  718
 958  718
 959  719
 960  720
 961  721
 962  721
 963  722
 964  723
 965  724
 966  724
 967  725
 968  726
 969  727
 970  727
 971  728
 972  729
 973  730
 974  730
 975  731
 976  732
 977  733
 978  733
 979  734
 980  735
 981  736
 982  736
 983  737
 984  738
 985  739
 986  739
 987  740
 988  741
 989  742
 990  742
 991  743
 992  744
 993  745
 994  745
 995  746
 996  747
 997  748
 998  748
 999  749
1000  750
1001  751
1002  751
1003  752
1004  753
1005  754
1006  754
1007  755
1008  756
1009  757
1010  757
1011  758
1012  759
1013  760
1014  760
1015  761
1016  762
1017  763
1018  763
1019  764
1020  765
1021  766
1022  766
1023  767
